2018-08-16 11:28:43,642 [Worker-18] INFO  o.e.m.c.i.l.LifecycleMappingFactory - Using org.eclipse.m2e.jdt.JarLifecycleMapping lifecycle mapping for MavenProject: MusicShop:MusicShop:0.0.1-SNAPSHOT @ C:\Users\Vladimir\Desktop\diplomski\Server\MusicShop\pom.xml.
2018-08-16 11:28:47,933 [Worker-18] INFO  o.e.m.j.i.AbstractJavaProjectConfigurator - Adding source folder /MusicShop/src/main/java
2018-08-16 11:28:47,938 [Worker-18] INFO  o.e.m.j.i.AbstractJavaProjectConfigurator - Adding resource folder /MusicShop/src/main/resources
2018-08-16 11:28:47,941 [Worker-18] INFO  o.e.m.j.i.AbstractJavaProjectConfigurator - Adding source folder /MusicShop/src/test/java
2018-08-16 11:28:47,942 [Worker-18] INFO  o.e.m.j.i.AbstractJavaProjectConfigurator - Adding resource folder /MusicShop/src/test/resources
2018-08-16 11:28:54,650 [Worker-18] WARN  o.e.m.c.i.embedder.EclipseLogger - Using platform encoding (Cp1252 actually) to copy filtered resources, i.e. build is platform dependent!
2018-08-16 11:28:54,730 [Worker-18] INFO  o.e.m.c.i.embedder.EclipseLogger - Copying 0 resource
2018-08-16 11:28:54,736 [Worker-18] WARN  o.e.m.c.i.embedder.EclipseLogger - Using platform encoding (Cp1252 actually) to copy filtered resources, i.e. build is platform dependent!
2018-08-16 11:28:54,740 [Worker-18] INFO  o.e.m.c.i.embedder.EclipseLogger - Copying 0 resource
2018-08-16 11:29:46,150 [Worker-18] WARN  o.e.m.c.i.embedder.EclipseLogger - Using platform encoding (Cp1252 actually) to copy filtered resources, i.e. build is platform dependent!
2018-08-16 11:29:46,164 [Worker-18] INFO  o.e.m.c.i.embedder.EclipseLogger - Copying 0 resource
2018-08-16 11:29:46,167 [Worker-18] WARN  o.e.m.c.i.embedder.EclipseLogger - Using platform encoding (Cp1252 actually) to copy filtered resources, i.e. build is platform dependent!
2018-08-16 11:29:46,171 [Worker-18] INFO  o.e.m.c.i.embedder.EclipseLogger - Copying 0 resource
2018-08-16 11:30:09,426 [Worker-17] WARN  o.e.m.c.i.embedder.EclipseLogger - Using platform encoding (Cp1252 actually) to copy filtered resources, i.e. build is platform dependent!
2018-08-16 11:30:09,440 [Worker-17] INFO  o.e.m.c.i.embedder.EclipseLogger - Copying 0 resource
2018-08-16 11:30:09,450 [Worker-17] WARN  o.e.m.c.i.embedder.EclipseLogger - Using platform encoding (Cp1252 actually) to copy filtered resources, i.e. build is platform dependent!
2018-08-16 11:30:09,468 [Worker-17] INFO  o.e.m.c.i.embedder.EclipseLogger - Copying 0 resource
2018-08-16 11:30:18,610 [Worker-14] WARN  o.e.m.c.i.embedder.EclipseLogger - Using platform encoding (Cp1252 actually) to copy filtered resources, i.e. build is platform dependent!
2018-08-16 11:30:18,616 [Worker-14] INFO  o.e.m.c.i.embedder.EclipseLogger - Copying 0 resource
2018-08-16 11:30:18,620 [Worker-14] WARN  o.e.m.c.i.embedder.EclipseLogger - Using platform encoding (Cp1252 actually) to copy filtered resources, i.e. build is platform dependent!
2018-08-16 11:30:18,624 [Worker-14] INFO  o.e.m.c.i.embedder.EclipseLogger - Copying 0 resource
2018-08-16 11:30:20,908 [Worker-14] WARN  o.e.m.c.i.embedder.EclipseLogger - Using platform encoding (Cp1252 actually) to copy filtered resources, i.e. build is platform dependent!
2018-08-16 11:30:20,916 [Worker-14] INFO  o.e.m.c.i.embedder.EclipseLogger - Copying 0 resource
2018-08-16 11:30:20,921 [Worker-14] WARN  o.e.m.c.i.embedder.EclipseLogger - Using platform encoding (Cp1252 actually) to copy filtered resources, i.e. build is platform dependent!
2018-08-16 11:30:20,926 [Worker-14] INFO  o.e.m.c.i.embedder.EclipseLogger - Copying 0 resource
2018-08-16 11:30:30,021 [Worker-19] WARN  o.e.m.c.i.embedder.EclipseLogger - Using platform encoding (Cp1252 actually) to copy filtered resources, i.e. build is platform dependent!
2018-08-16 11:30:30,037 [Worker-19] INFO  o.e.m.c.i.embedder.EclipseLogger - Copying 0 resource
2018-08-16 11:30:30,047 [Worker-19] WARN  o.e.m.c.i.embedder.EclipseLogger - Using platform encoding (Cp1252 actually) to copy filtered resources, i.e. build is platform dependent!
2018-08-16 11:30:30,051 [Worker-19] INFO  o.e.m.c.i.embedder.EclipseLogger - Copying 0 resource
2018-08-16 11:30:39,647 [Worker-19] WARN  o.e.m.c.i.embedder.EclipseLogger - Using platform encoding (Cp1252 actually) to copy filtered resources, i.e. build is platform dependent!
2018-08-16 11:30:39,654 [Worker-19] INFO  o.e.m.c.i.embedder.EclipseLogger - Copying 0 resource
2018-08-16 11:30:39,661 [Worker-19] WARN  o.e.m.c.i.embedder.EclipseLogger - Using platform encoding (Cp1252 actually) to copy filtered resources, i.e. build is platform dependent!
2018-08-16 11:30:39,679 [Worker-19] INFO  o.e.m.c.i.embedder.EclipseLogger - Copying 0 resource
2018-08-16 11:31:20,630 [Worker-18] WARN  o.e.m.c.i.embedder.EclipseLogger - Using platform encoding (Cp1252 actually) to copy filtered resources, i.e. build is platform dependent!
2018-08-16 11:31:20,675 [Worker-18] INFO  o.e.m.c.i.embedder.EclipseLogger - Copying 0 resource
2018-08-16 11:31:20,682 [Worker-18] WARN  o.e.m.c.i.embedder.EclipseLogger - Using platform encoding (Cp1252 actually) to copy filtered resources, i.e. build is platform dependent!
2018-08-16 11:31:20,687 [Worker-18] INFO  o.e.m.c.i.embedder.EclipseLogger - Copying 0 resource
2018-08-16 11:31:23,257 [Worker-21] WARN  o.e.m.c.i.embedder.EclipseLogger - Using platform encoding (Cp1252 actually) to copy filtered resources, i.e. build is platform dependent!
2018-08-16 11:31:23,262 [Worker-21] INFO  o.e.m.c.i.embedder.EclipseLogger - Copying 0 resource
2018-08-16 11:31:23,274 [Worker-21] WARN  o.e.m.c.i.embedder.EclipseLogger - Using platform encoding (Cp1252 actually) to copy filtered resources, i.e. build is platform dependent!
2018-08-16 11:31:23,279 [Worker-21] INFO  o.e.m.c.i.embedder.EclipseLogger - Copying 0 resource
2018-08-16 11:32:45,238 [Worker-14] WARN  o.e.m.c.i.embedder.EclipseLogger - Using platform encoding (Cp1252 actually) to copy filtered resources, i.e. build is platform dependent!
2018-08-16 11:32:45,245 [Worker-14] INFO  o.e.m.c.i.embedder.EclipseLogger - Copying 0 resource
2018-08-16 11:32:45,250 [Worker-14] WARN  o.e.m.c.i.embedder.EclipseLogger - Using platform encoding (Cp1252 actually) to copy filtered resources, i.e. build is platform dependent!
2018-08-16 11:32:45,256 [Worker-14] INFO  o.e.m.c.i.embedder.EclipseLogger - Copying 0 resource
2018-08-16 11:33:01,019 [Worker-17] WARN  o.e.m.c.i.embedder.EclipseLogger - Using platform encoding (Cp1252 actually) to copy filtered resources, i.e. build is platform dependent!
2018-08-16 11:33:01,026 [Worker-17] INFO  o.e.m.c.i.embedder.EclipseLogger - Copying 0 resource
2018-08-16 11:33:01,030 [Worker-17] WARN  o.e.m.c.i.embedder.EclipseLogger - Using platform encoding (Cp1252 actually) to copy filtered resources, i.e. build is platform dependent!
2018-08-16 11:33:01,037 [Worker-17] INFO  o.e.m.c.i.embedder.EclipseLogger - Copying 0 resource
2018-08-16 11:33:44,289 [Worker-20] WARN  o.e.m.c.i.embedder.EclipseLogger - Using platform encoding (Cp1252 actually) to copy filtered resources, i.e. build is platform dependent!
2018-08-16 11:33:44,296 [Worker-20] INFO  o.e.m.c.i.embedder.EclipseLogger - Copying 0 resource
2018-08-16 11:33:44,300 [Worker-20] WARN  o.e.m.c.i.embedder.EclipseLogger - Using platform encoding (Cp1252 actually) to copy filtered resources, i.e. build is platform dependent!
2018-08-16 11:33:44,312 [Worker-20] INFO  o.e.m.c.i.embedder.EclipseLogger - Copying 0 resource
2018-08-16 11:36:32,782 [Worker-19] INFO  o.e.m.c.i.l.LifecycleMappingFactory - Using org.eclipse.m2e.jdt.JarLifecycleMapping lifecycle mapping for MavenProject: MusicShop:MusicShop:0.0.1-SNAPSHOT @ C:\Users\Vladimir\Desktop\diplomski\Server\MusicShop\pom.xml.
2018-08-16 11:36:38,379 [Worker-19] INFO  o.e.m.c.i.embedder.EclipseLogger - Using 'UTF-8' encoding to copy filtered resources.
2018-08-16 11:36:38,391 [Worker-19] INFO  o.e.m.c.i.embedder.EclipseLogger - Copying 0 resource
2018-08-16 11:36:38,396 [Worker-19] INFO  o.e.m.c.i.embedder.EclipseLogger - Copying 0 resource
2018-08-16 11:36:38,407 [Worker-19] INFO  o.e.m.c.i.embedder.EclipseLogger - Using 'UTF-8' encoding to copy filtered resources.
2018-08-16 11:36:38,413 [Worker-19] INFO  o.e.m.c.i.embedder.EclipseLogger - Copying 0 resource
2018-08-16 11:36:44,216 [Worker-19] INFO  o.e.m.c.i.embedder.EclipseLogger - Using 'UTF-8' encoding to copy filtered resources.
2018-08-16 11:36:44,220 [Worker-19] INFO  o.e.m.c.i.embedder.EclipseLogger - Copying 0 resource
2018-08-16 11:36:44,222 [Worker-19] INFO  o.e.m.c.i.embedder.EclipseLogger - Copying 0 resource
2018-08-16 11:36:44,236 [Worker-19] INFO  o.e.m.c.i.embedder.EclipseLogger - Using 'UTF-8' encoding to copy filtered resources.
2018-08-16 11:36:44,237 [Worker-19] INFO  o.e.m.c.i.embedder.EclipseLogger - Copying 0 resource
2018-08-16 11:39:30,515 [Worker-17] INFO  o.e.m.c.i.l.LifecycleMappingFactory - Using org.eclipse.m2e.jdt.JarLifecycleMapping lifecycle mapping for MavenProject: MusicShop:MusicShop:0.0.1-SNAPSHOT @ C:\Users\Vladimir\Desktop\diplomski\Server\MusicShop\pom.xml.
2018-08-16 11:39:31,949 [Worker-17] INFO  o.e.m.c.i.embedder.EclipseLogger - Using 'UTF-8' encoding to copy filtered resources.
2018-08-16 11:39:31,955 [Worker-17] INFO  o.e.m.c.i.embedder.EclipseLogger - Copying 0 resource
2018-08-16 11:39:31,974 [Worker-17] INFO  o.e.m.c.i.embedder.EclipseLogger - Copying 0 resource
2018-08-16 11:39:31,982 [Worker-17] INFO  o.e.m.c.i.embedder.EclipseLogger - Using 'UTF-8' encoding to copy filtered resources.
2018-08-16 11:39:31,984 [Worker-17] INFO  o.e.m.c.i.embedder.EclipseLogger - Copying 0 resource
2018-08-16 11:41:19,158 [Worker-22] INFO  o.e.m.c.i.l.LifecycleMappingFactory - Using org.eclipse.m2e.jdt.JarLifecycleMapping lifecycle mapping for MavenProject: MusicShop:MusicShop:0.0.1-SNAPSHOT @ C:\Users\Vladimir\Desktop\diplomski\Server\MusicShop\pom.xml.
2018-08-16 11:41:25,851 [Worker-22] INFO  o.e.m.c.i.embedder.EclipseLogger - Using 'UTF-8' encoding to copy filtered resources.
2018-08-16 11:41:25,868 [Worker-22] INFO  o.e.m.c.i.embedder.EclipseLogger - Copying 0 resource
2018-08-16 11:41:25,870 [Worker-22] INFO  o.e.m.c.i.embedder.EclipseLogger - Copying 0 resource
2018-08-16 11:41:25,893 [Worker-22] INFO  o.e.m.c.i.embedder.EclipseLogger - Using 'UTF-8' encoding to copy filtered resources.
2018-08-16 11:41:25,897 [Worker-22] INFO  o.e.m.c.i.embedder.EclipseLogger - Copying 0 resource
2018-08-16 11:41:29,833 [Worker-20] INFO  o.e.m.c.i.embedder.EclipseLogger - Using 'UTF-8' encoding to copy filtered resources.
2018-08-16 11:41:29,836 [Worker-20] INFO  o.e.m.c.i.embedder.EclipseLogger - Copying 0 resource
2018-08-16 11:41:29,838 [Worker-20] INFO  o.e.m.c.i.embedder.EclipseLogger - Copying 0 resource
2018-08-16 11:41:29,862 [Worker-20] INFO  o.e.m.c.i.embedder.EclipseLogger - Using 'UTF-8' encoding to copy filtered resources.
2018-08-16 11:41:29,864 [Worker-20] INFO  o.e.m.c.i.embedder.EclipseLogger - Copying 0 resource
2018-08-16 11:42:43,236 [Worker-23] INFO  o.e.m.c.i.l.LifecycleMappingFactory - Using org.eclipse.m2e.jdt.JarLifecycleMapping lifecycle mapping for MavenProject: MusicShop:MusicShop:0.0.1-SNAPSHOT @ C:\Users\Vladimir\Desktop\diplomski\Server\MusicShop\pom.xml.
2018-08-16 11:42:46,460 [Worker-23] INFO  o.e.m.c.i.embedder.EclipseLogger - Using 'UTF-8' encoding to copy filtered resources.
2018-08-16 11:42:46,467 [Worker-23] INFO  o.e.m.c.i.embedder.EclipseLogger - Copying 0 resource
2018-08-16 11:42:46,471 [Worker-23] INFO  o.e.m.c.i.embedder.EclipseLogger - Copying 0 resource
2018-08-16 11:42:46,478 [Worker-23] INFO  o.e.m.c.i.embedder.EclipseLogger - Using 'UTF-8' encoding to copy filtered resources.
2018-08-16 11:42:46,479 [Worker-23] INFO  o.e.m.c.i.embedder.EclipseLogger - Copying 0 resource
2018-08-16 11:42:51,839 [Worker-19] INFO  o.e.m.c.i.embedder.EclipseLogger - Using 'UTF-8' encoding to copy filtered resources.
2018-08-16 11:42:51,844 [Worker-19] INFO  o.e.m.c.i.embedder.EclipseLogger - Copying 0 resource
2018-08-16 11:42:51,846 [Worker-19] INFO  o.e.m.c.i.embedder.EclipseLogger - Copying 0 resource
2018-08-16 11:42:51,854 [Worker-19] INFO  o.e.m.c.i.embedder.EclipseLogger - Using 'UTF-8' encoding to copy filtered resources.
2018-08-16 11:42:51,869 [Worker-19] INFO  o.e.m.c.i.embedder.EclipseLogger - Copying 0 resource
2018-08-16 11:44:06,898 [Worker-14] INFO  o.e.m.c.i.embedder.EclipseLogger - Using 'UTF-8' encoding to copy filtered resources.
2018-08-16 11:44:06,900 [Worker-14] INFO  o.e.m.c.i.embedder.EclipseLogger - Copying 0 resource
2018-08-16 11:44:06,903 [Worker-14] INFO  o.e.m.c.i.embedder.EclipseLogger - Copying 0 resource
2018-08-16 11:44:06,909 [Worker-14] INFO  o.e.m.c.i.embedder.EclipseLogger - Using 'UTF-8' encoding to copy filtered resources.
2018-08-16 11:44:06,911 [Worker-14] INFO  o.e.m.c.i.embedder.EclipseLogger - Copying 0 resource
2018-08-16 11:44:59,789 [Worker-14] INFO  o.e.m.c.i.l.LifecycleMappingFactory - Using org.eclipse.m2e.jdt.JarLifecycleMapping lifecycle mapping for MavenProject: MusicShop:MusicShop:0.0.1-SNAPSHOT @ C:\Users\Vladimir\Desktop\diplomski\Server\MusicShop\pom.xml.
2018-08-16 11:45:02,147 [Worker-14] INFO  o.e.m.c.i.embedder.EclipseLogger - Using 'UTF-8' encoding to copy filtered resources.
2018-08-16 11:45:02,153 [Worker-14] INFO  o.e.m.c.i.embedder.EclipseLogger - Copying 0 resource
2018-08-16 11:45:02,155 [Worker-14] INFO  o.e.m.c.i.embedder.EclipseLogger - Copying 0 resource
2018-08-16 11:45:02,163 [Worker-14] INFO  o.e.m.c.i.embedder.EclipseLogger - Using 'UTF-8' encoding to copy filtered resources.
2018-08-16 11:45:02,164 [Worker-14] INFO  o.e.m.c.i.embedder.EclipseLogger - Copying 0 resource
2018-08-16 11:45:06,388 [Worker-19] INFO  o.e.m.c.i.embedder.EclipseLogger - Using 'UTF-8' encoding to copy filtered resources.
2018-08-16 11:45:06,390 [Worker-19] INFO  o.e.m.c.i.embedder.EclipseLogger - Copying 0 resource
2018-08-16 11:45:06,393 [Worker-19] INFO  o.e.m.c.i.embedder.EclipseLogger - Copying 0 resource
2018-08-16 11:45:06,400 [Worker-19] INFO  o.e.m.c.i.embedder.EclipseLogger - Using 'UTF-8' encoding to copy filtered resources.
2018-08-16 11:45:06,401 [Worker-19] INFO  o.e.m.c.i.embedder.EclipseLogger - Copying 0 resource
2018-08-16 11:46:59,697 [Worker-14] INFO  o.e.m.c.i.embedder.EclipseLogger - Using 'UTF-8' encoding to copy filtered resources.
2018-08-16 11:46:59,751 [Worker-14] INFO  o.e.m.c.i.embedder.EclipseLogger - Copying 1 resource
2018-08-16 11:46:59,912 [Worker-14] INFO  o.e.m.c.i.embedder.EclipseLogger - Copying 0 resource
2018-08-16 11:46:59,916 [Worker-14] INFO  o.e.m.c.i.embedder.EclipseLogger - Using 'UTF-8' encoding to copy filtered resources.
2018-08-16 11:46:59,917 [Worker-14] INFO  o.e.m.c.i.embedder.EclipseLogger - Copying 0 resource
2018-08-16 11:49:00,161 [Worker-19] INFO  o.e.m.c.i.embedder.EclipseLogger - Using 'UTF-8' encoding to copy filtered resources.
2018-08-16 11:49:00,164 [Worker-19] INFO  o.e.m.c.i.embedder.EclipseLogger - Copying 1 resource
2018-08-16 11:49:00,171 [Worker-19] INFO  o.e.m.c.i.embedder.EclipseLogger - Copying 0 resource
2018-08-16 11:49:00,176 [Worker-19] INFO  o.e.m.c.i.embedder.EclipseLogger - Using 'UTF-8' encoding to copy filtered resources.
2018-08-16 11:49:00,177 [Worker-19] INFO  o.e.m.c.i.embedder.EclipseLogger - Copying 0 resource
2018-08-16 11:52:22,323 [Worker-25] INFO  o.e.m.c.i.p.ProjectConfigurationManager - Update started
2018-08-16 11:52:27,610 [Worker-25] INFO  o.e.m.c.i.l.LifecycleMappingFactory - Using org.eclipse.m2e.jdt.JarLifecycleMapping lifecycle mapping for MavenProject: MusicShop:MusicShop:0.0.1-SNAPSHOT @ C:\Users\Vladimir\Desktop\diplomski\Server\MusicShop\pom.xml.
2018-08-16 11:52:31,463 [Worker-25] INFO  o.e.m.j.i.AbstractJavaProjectConfigurator - Adding source folder /MusicShop/src/main/java
2018-08-16 11:52:31,465 [Worker-25] INFO  o.e.m.j.i.AbstractJavaProjectConfigurator - Adding resource folder /MusicShop/src/main/resources
2018-08-16 11:52:31,485 [Worker-25] INFO  o.e.m.j.i.AbstractJavaProjectConfigurator - Adding resource folder /MusicShop/src/main/resources
2018-08-16 11:52:31,500 [Worker-25] INFO  o.e.m.j.i.AbstractJavaProjectConfigurator - Adding source folder /MusicShop/src/test/java
2018-08-16 11:52:31,501 [Worker-25] INFO  o.e.m.j.i.AbstractJavaProjectConfigurator - Adding resource folder /MusicShop/src/test/resources
2018-08-16 11:52:33,229 [Worker-25] INFO  o.e.m.c.i.p.ProjectConfigurationManager - Update completed: 10 sec
2018-08-16 11:52:36,932 [Worker-19] INFO  o.e.m.c.i.embedder.EclipseLogger - Using 'UTF-8' encoding to copy filtered resources.
2018-08-16 11:52:36,935 [Worker-19] INFO  o.e.m.c.i.embedder.EclipseLogger - Copying 1 resource
2018-08-16 11:52:36,990 [Worker-19] INFO  o.e.m.c.i.embedder.EclipseLogger - Copying 0 resource
2018-08-16 11:52:36,997 [Worker-19] INFO  o.e.m.c.i.embedder.EclipseLogger - Using 'UTF-8' encoding to copy filtered resources.
2018-08-16 11:52:36,999 [Worker-19] INFO  o.e.m.c.i.embedder.EclipseLogger - Copying 0 resource
2018-08-16 11:53:01,186 [Worker-23] INFO  o.e.m.c.i.embedder.EclipseLogger - Using 'UTF-8' encoding to copy filtered resources.
2018-08-16 11:53:01,195 [Worker-23] INFO  o.e.m.c.i.embedder.EclipseLogger - Copying 1 resource
2018-08-16 11:53:01,204 [Worker-23] INFO  o.e.m.c.i.embedder.EclipseLogger - Copying 0 resource
2018-08-16 11:53:01,209 [Worker-23] INFO  o.e.m.c.i.embedder.EclipseLogger - Using 'UTF-8' encoding to copy filtered resources.
2018-08-16 11:53:01,212 [Worker-23] INFO  o.e.m.c.i.embedder.EclipseLogger - Copying 0 resource
2018-08-16 11:53:41,219 [Worker-23] INFO  o.e.m.c.i.embedder.EclipseLogger - Using 'UTF-8' encoding to copy filtered resources.
2018-08-16 11:53:41,222 [Worker-23] INFO  o.e.m.c.i.embedder.EclipseLogger - Copying 1 resource
2018-08-16 11:53:41,229 [Worker-23] INFO  o.e.m.c.i.embedder.EclipseLogger - Copying 0 resource
2018-08-16 11:53:41,234 [Worker-23] INFO  o.e.m.c.i.embedder.EclipseLogger - Using 'UTF-8' encoding to copy filtered resources.
2018-08-16 11:53:41,236 [Worker-23] INFO  o.e.m.c.i.embedder.EclipseLogger - Copying 0 resource
